

*******************************************************************************
Sun Feb 19 20:29:45 2023


FIT:    data read from 'temps_Seq.dat' u 1:2
        format = x:z
        #datapoints = 20
        residuals are weighted equally (unit weight)

function used for fitting: f(x)
	f(x) = a * (x) + b
fitted parameters initialized with current variable values

iter      chisq       delta/lim  lambda   a             b            
   0 7.1753801200e+08   0.00e+00  4.24e+03    1.000000e+00   1.000000e+00
   7 1.5759398496e+00  -8.22e-05  4.24e-04   -2.406015e-04   2.463158e+00

After 7 iterations the fit converged.
final sum of squares of residuals : 1.57594
rel. change during last iteration : -8.22393e-10

degrees of freedom    (FIT_NDF)                        : 18
rms of residuals      (FIT_STDFIT) = sqrt(WSSR/ndf)    : 0.295892
variance of residuals (reduced chisquare) = WSSR/ndf   : 0.0875522

Final set of parameters            Asymptotic Standard Error
=======================            ==========================
a               = -0.000240602     +/- 2.295e-05    (9.538%)
b               = 2.46316          +/- 0.1375       (5.58%)

correlation matrix of the fit parameters:
                a      b      
a               1.000 
b              -0.877  1.000 


*******************************************************************************
Sun Feb 19 20:29:45 2023


FIT:    data read from 'temps_Seq.dat' u 1:3
        format = x:z
        #datapoints = 20
        residuals are weighted equally (unit weight)

function used for fitting: g(x)
	g(x) = c * (x) + d
fitted parameters initialized with current variable values

iter      chisq       delta/lim  lambda   c             d            
   0 7.1661149359e+08   0.00e+00  4.24e+03    1.000000e+00   1.000000e+00
   7 7.5607821606e+01  -1.35e-05  4.24e-04    1.961656e-05   5.098978e+00

After 7 iterations the fit converged.
final sum of squares of residuals : 75.6078
rel. change during last iteration : -1.34513e-10

degrees of freedom    (FIT_NDF)                        : 18
rms of residuals      (FIT_STDFIT) = sqrt(WSSR/ndf)    : 2.0495
variance of residuals (reduced chisquare) = WSSR/ndf   : 4.20043

Final set of parameters            Asymptotic Standard Error
=======================            ==========================
c               = 1.96166e-05      +/- 0.000159     (810.3%)
d               = 5.09898          +/- 0.9521       (18.67%)

correlation matrix of the fit parameters:
                c      d      
c               1.000 
d              -0.877  1.000 


*******************************************************************************
Sun Feb 19 20:49:55 2023


FIT:    data read from 'temps_Seq.dat' u 1:2
        format = x:z
        #datapoints = 100
        residuals are weighted equally (unit weight)

function used for fitting: f(x)
	f(x) = a * (x) + b
fitted parameters initialized with current variable values

iter      chisq       delta/lim  lambda   a             b            
   0 3.3801393830e+09   0.00e+00  4.11e+03    1.000000e+00   1.000000e+00
   7 1.4608573057e+02  -4.85e-08  4.11e-04   -8.483048e-04   1.001394e+01

After 7 iterations the fit converged.
final sum of squares of residuals : 146.086
rel. change during last iteration : -4.84637e-13

degrees of freedom    (FIT_NDF)                        : 98
rms of residuals      (FIT_STDFIT) = sqrt(WSSR/ndf)    : 1.22093
variance of residuals (reduced chisquare) = WSSR/ndf   : 1.49067

Final set of parameters            Asymptotic Standard Error
=======================            ==========================
a               = -0.000848305     +/- 4.23e-05     (4.986%)
b               = 10.0139          +/- 0.246        (2.457%)

correlation matrix of the fit parameters:
                a      b      
a               1.000 
b              -0.868  1.000 


*******************************************************************************
Sun Feb 19 20:49:55 2023


FIT:    data read from 'temps_Seq.dat' u 1:3
        format = x:z
        #datapoints = 100
        residuals are weighted equally (unit weight)

function used for fitting: g(x)
	g(x) = c * (x) + d
fitted parameters initialized with current variable values

iter      chisq       delta/lim  lambda   c             d            
   0 3.3685122372e+09   0.00e+00  4.11e+03    1.000000e+00   1.000000e+00
   6 4.3128095542e+03  -3.76e-01  4.11e-03    8.201140e-04   1.036750e+01

After 6 iterations the fit converged.
final sum of squares of residuals : 4312.81
rel. change during last iteration : -3.75652e-06

degrees of freedom    (FIT_NDF)                        : 98
rms of residuals      (FIT_STDFIT) = sqrt(WSSR/ndf)    : 6.63387
variance of residuals (reduced chisquare) = WSSR/ndf   : 44.0083

Final set of parameters            Asymptotic Standard Error
=======================            ==========================
c               = 0.000820114      +/- 0.0002298    (28.02%)
d               = 10.3675          +/- 1.337        (12.89%)

correlation matrix of the fit parameters:
                c      d      
c               1.000 
d              -0.868  1.000 


*******************************************************************************
Sun Feb 19 21:02:15 2023


FIT:    data read from 'temps_Arbre.dat' u 1:2
        format = x:z
        #datapoints = 101
        residuals are weighted equally (unit weight)

function used for fitting: f(x)
	f(x) = a * (x) + b
fitted parameters initialized with current variable values

iter      chisq       delta/lim  lambda   a             b            
   0 3.5500434003e+12   0.00e+00  1.33e+05    1.000000e+00   1.000000e+00
   8 8.6135701805e+00  -1.01e-03  1.33e-03    6.971313e-05  -5.195064e-01

After 8 iterations the fit converged.
final sum of squares of residuals : 8.61357
rel. change during last iteration : -1.01037e-08

degrees of freedom    (FIT_NDF)                        : 99
rms of residuals      (FIT_STDFIT) = sqrt(WSSR/ndf)    : 0.294967
variance of residuals (reduced chisquare) = WSSR/ndf   : 0.0870058

Final set of parameters            Asymptotic Standard Error
=======================            ==========================
a               = 6.97131e-05      +/- 3.108e-07    (0.4458%)
b               = -0.519506        +/- 0.05827      (11.22%)

correlation matrix of the fit parameters:
                a      b      
a               1.000 
b              -0.864  1.000 


*******************************************************************************
Sun Feb 19 21:02:16 2023


FIT:    data read from 'temps_Arbre.dat' u 1:3
        format = x:z
        #datapoints = 101
        residuals are weighted equally (unit weight)

function used for fitting: g(x)
	g(x) = c * (x) + d
fitted parameters initialized with current variable values

iter      chisq       delta/lim  lambda   c             d            
   0 3.5505086902e+12   0.00e+00  1.33e+05    1.000000e+00   1.000000e+00
   8 1.3848139837e-01  -2.58e-02  1.33e-03    1.674431e-06   2.566361e-02

After 8 iterations the fit converged.
final sum of squares of residuals : 0.138481
rel. change during last iteration : -2.58395e-07

degrees of freedom    (FIT_NDF)                        : 99
rms of residuals      (FIT_STDFIT) = sqrt(WSSR/ndf)    : 0.0374006
variance of residuals (reduced chisquare) = WSSR/ndf   : 0.0013988

Final set of parameters            Asymptotic Standard Error
=======================            ==========================
c               = 1.67443e-06      +/- 3.941e-08    (2.354%)
d               = 0.0256636        +/- 0.007389     (28.79%)

correlation matrix of the fit parameters:
                c      d      
c               1.000 
d              -0.864  1.000 
